<?xml version="1.0" encoding="UTF-8"?>
<!-- Generated by org.testng.reporters.JUnitReportReporter -->
<testsuite hostname="Timmegowdas-MacBook-Pro.local" failures="0" tests="2" name="com.qa.testcases.DOS_Homepagetest" time="47.111" errors="0" timestamp="25 Nov 2021 08:44:43 GMT" skipped="0">
  <testcase classname="com.qa.testcases.DOS_Homepagetest" name="DOS_pagetitletest" time="17.361"/>
  <testcase classname="com.qa.testcases.DOS_Homepagetest" name="test_addbtnvisible" time="29.750"/>
</testsuite> <!-- com.qa.testcases.DOS_Homepagetest -->
