<?xml version="1.0" encoding="UTF-8"?>
<!-- Generated by org.testng.reporters.JUnitReportReporter -->
<testsuite hostname="Timmegowdas-MacBook-Pro.local" failures="0" tests="1" name="com.qa.testcases.DOS_Addrulepage" time="40.494" errors="0" timestamp="25 Nov 2021 08:36:09 GMT" skipped="0">
  <testcase classname="com.qa.testcases.DOS_Addrulepage" name="addrulepathtest" time="40.494"/>
</testsuite> <!-- com.qa.testcases.DOS_Addrulepage -->
